Rendering Register Page.
Register form was invalid.
Rendering Register Page.
Register form was invalid.
Rendering login page.
Login View request is GET.
Rendering login page.
Login View request is GET.
Rendering login page.
Login View request is GET.
Rendering Register Page.
Register form was invalid.
Rendering login page.
Login View request is GET.
Rendering login page.
Login View request is GET.
Rendering login page.
Login View request is GET.
Rendering login page.
Login View request is POST.
Login form is valid.
Rendering login page.
Login View request is GET.
Rendering Recover Password Page.
Rendering Recover Password Page.
Rendering login page.
Login View request is GET.
Rendering login page.
Login View request is POST.
Login form is valid.
Rendering login page.
Profile page shouldn't be editable.
Profile page is editable? False
Rendering login page.
Login View request is GET.
Rendering login page.
Login View request is POST.
Login form is valid.
Rendering login page.
Login View request is POST.
Login form is valid.
Rendering login page.
Login View request is POST.
Login form is valid.
User Logout.
Rendering login page.
Login View request is GET.
Rendering login page.
Login View request is POST.
Login form is valid.
User Logout.
Rendering login page.
Login View request is GET.
Rendering Recover Password Page.
Rendering Register Page.
Register form was invalid.
Rendering login page.
Login View request is GET.
Rendering login page.
Login View request is POST.
Login form is valid.
User Logout.
Rendering login page.
Login View request is GET.
Rendering login page.
Login View request is POST.
Login form is valid.
Rendering login page.
User Logout.
Rendering Register Page.
Register form was invalid.
Rendering Register Page.
Register form was invalid.
Rendering Register Page.
Register form is valid.
User Logout.
Rendering login page.
Login View request is GET.
Rendering Register Page.
Register form was invalid.
Rendering Register Page.
Register form is valid.
Email sended to user.
Rendering login page.
User Logout.
Rendering login page.
Login View request is GET.
Rendering Recover Password Page.
Rendering Recover Password Page.
Recover password email sended.
Rendering login page.
Login View request is GET.
Rendering login page.
Login View request is POST.
Login form is valid.
User Logout.
Rendering login page.
Login View request is GET.
Rendering login page.
Login View request is POST.
Login form is valid.
User Logout.
User Logout.
Rendering login page.
Login View request is GET.
Rendering login page.
Login View request is POST.
Login form is valid.
Rendering login page.
Login View request is POST.
Login form is valid.
User Logout.
Rendering Register Page.
Register form was invalid.
Rendering login page.
Login View request is GET.
Rendering Recover Password Page.
Rendering login page.
Login View request is GET.
Rendering login page.
Login View request is POST.
Login form is valid.
User Logout.
Rendering login page.
Login View request is GET.
Rendering login page.
Login View request is POST.
Login form is valid.
Rendering login page.
Login View request is POST.
Login form is valid.
Profile page should be editable
Profile page is editable? True
Rendering edit profile page.
Edit profile view request is GET.
Rendering edit profile page.
Edit profile view request is POST.
User password: 
User password confirmation: 
Valid edit form.
Profile page should be editable
Profile page is editable? True
User Logout.
Rendering login page.
Login View request is GET.
Rendering Recover Password Page.
Rendering Recover Password Page.
This email already asked another password.
Rendering Recover Password Page.
This email already asked another password.
Rendering Recover Password Page.
This email already asked another password.
Rendering Recover Password Page.
This email already asked another password.
Rendering Recover Password Page.
This email already asked another password.
Rendering Recover Password Page.
This email already asked another password.
Rendering Recover Password Page.
This email already asked another password.
Rendering Recover Password Page.
This email already asked another password.
Rendering Recover Password Page.
Recover password email sended.
Rendering login page.
Login View request is GET.
Rendering login page.
Login View request is POST.
Login form is valid.
Rendering login page.
Login View request is POST.
Login form is valid.
Rendering login page.
Login View request is GET.
Rendering login page.
Login View request is POST.
Login form is valid.
Rendering login page.
Login View request is POST.
Login form is valid.
Rendering login page.
User Logout.
Rendering login page.
Login View request is GET.
Rendering login page.
Login View request is GET.
Rendering Register Page.
Register form was invalid.
Rendering Register Page.
Register form was invalid.
Rendering Register Page.
Register form was invalid.
Rendering login page.
Login View request is GET.
Rendering login page.
Login View request is GET.
Rendering login page.
Login View request is GET.
Rendering login page.
Login View request is GET.
Rendering login page.
Login View request is GET.
Rendering Recover Password Page.
Rendering Recover Password Page.
Rendering Recover Password Page.
Rendering login page.
Login View request is GET.
Rendering login page.
Login View request is POST.
Login form is valid.
Rendering login page.
User Logout.
Rendering login page.
Login View request is GET.
Rendering login page.
Login View request is POST.
Login form is valid.
Rendering login page.
Login View request is POST.
Login form is valid.
User Logout.
Rendering login page.
Login View request is GET.
Rendering login page.
Login View request is POST.
Login form is valid.
Rendering login page.
Login View request is POST.
Login form is valid.
Profile page should be editable
Profile page is editable? True
Rendering edit profile page.
Edit profile view request is GET.
Profile page should be editable
Profile page is editable? True
Profile page should be editable
Profile page is editable? True
Rendering edit profile page.
Edit profile view request is GET.
Profile page should be editable
Profile page is editable? True
Rendering edit profile page.
Edit profile view request is GET.
User Logout.
Rendering login page.
Login View request is GET.
Rendering Recover Password Page.
Rendering Register Page.
Register form was invalid.
Rendering login page.
Login View request is GET.
Rendering Register Page.
Register form was invalid.
Rendering login page.
Login View request is GET.
Rendering login page.
Login View request is GET.
Rendering login page.
Login View request is GET.
Rendering login page.
Login View request is POST.
Login form is valid.
Rendering login page.
Login View request is POST.
Login form is valid.
Profile page should be editable
Profile page is editable? True
Rendering edit profile page.
Edit profile view request is GET.
Rendering edit profile page.
Edit profile view request is GET.
Rendering edit profile page.
Edit profile view request is GET.
Rendering edit profile page.
Edit profile view request is GET.
Profile page should be editable
Profile page is editable? True
Rendering edit profile page.
Edit profile view request is GET.
Rendering login page.
Profile page shouldn't be editable.
Profile page is editable? False
User password: codaMenos
User password confirmation: userpassword
Trying to alter user password.
Password don't match with password confirmation.
User password: userpasswordd
User password confirmation: userpassword
Trying to alter user password.
User password: pas
User password confirmation: userpassword
Trying to alter user password.
User password: userpassword
User password confirmation: userpassword
Trying to alter user password.
User password: userpassword
User password confirmation: userpassword
User password: 
User password confirmation: userpassword
Rendering login page.
Profile page shouldn't be editable.
Profile page is editable? False
User password: codaMenos
User password confirmation: userpassword
Trying to alter user password.
Password don't match with password confirmation.
User password: userpasswordd
User password confirmation: userpassword
Trying to alter user password.
User password: pas
User password confirmation: userpassword
Trying to alter user password.
User password: userpassword
User password confirmation: userpassword
Trying to alter user password.
User password: userpassword
User password confirmation: userpassword
User password: 
User password confirmation: userpassword
Rendering login page.
Login View request is GET.
Rendering Register Page.
Register form was invalid.
Rendering login page.
Login View request is GET.
Rendering Recover Password Page.
Rendering Register Page.
Register form was invalid.
Rendering login page.
Login View request is GET.
Rendering Register Page.
Register form was invalid.
Rendering login page.
Login View request is GET.
Rendering Register Page.
Register form was invalid.
Rendering login page.
Login View request is GET.
Rendering Register Page.
Register form was invalid.
Rendering login page.
Login View request is GET.
Rendering Register Page.
Register form was invalid.
Rendering login page.
Login View request is GET.
Rendering Register Page.
Register form was invalid.
Rendering login page.
Login View request is GET.
Rendering Register Page.
Register form was invalid.
Rendering login page.
Login View request is GET.
Rendering Register Page.
Register form was invalid.
Rendering Register Page.
Register form is valid.
Email sended to user.
Rendering login page.
Login View request is GET.
Rendering login page.
Login View request is POST.
Login form is valid.
Profile page should be editable
Profile page is editable? True
Rendering edit profile page.
Edit profile view request is GET.
Profile page should be editable
Profile page is editable? True
Rendering edit profile page.
Edit profile view request is GET.
Rendering edit profile page.
Edit profile view request is GET.
Profile page should be editable
Profile page is editable? True
User Logout.
Rendering login page.
Login View request is GET.
Rendering login page.
Login View request is POST.
Login form is valid.
Rendering Register Page.
Register form was invalid.
Rendering login page.
Login View request is GET.
Rendering login page.
Login View request is GET.
Rendering login page.
Login View request is POST.
Login form is valid.
Rendering login page.
Rendering login page.
User Logout.
Rendering login page.
Login View request is GET.
Rendering login page.
Login View request is POST.
Login form is valid.
User Logout.
Rendering login page.
Login View request is GET.
Rendering login page.
Login View request is POST.
Login form is valid.
Profile page should be editable
Profile page is editable? True
Rendering edit profile page.
Edit profile view request is GET.
Profile page should be editable
Profile page is editable? True
Rendering edit profile page.
Edit profile view request is GET.
Profile page should be editable
Profile page is editable? True
Rendering edit profile page.
Edit profile view request is GET.
User Logout.
Rendering Register Page.
Register form was invalid.
Rendering login page.
Login View request is GET.
Rendering Recover Password Page.
Rendering Register Page.
Register form was invalid.
Rendering Register Page.
Register form is valid.
Email sended to user.
Rendering login page.
Login View request is GET.
Rendering login page.
Login View request is POST.
Login form is valid.
Profile page should be editable
Profile page is editable? True
Rendering edit profile page.
Edit profile view request is GET.
Rendering login page.
Login View request is GET.
User Logout.
Rendering login page.
Login View request is GET.
Rendering login page.
Login View request is POST.
Login form is valid.
Rendering login page.
Login View request is GET.
Rendering login page.
Login View request is GET.
Rendering login page.
Login View request is POST.
Login form is valid.
Rendering login page.
Rendering login page.
User Logout.
Rendering login page.
Login View request is GET.
Rendering login page.
Login View request is POST.
Login form is valid.
User Logout.
Rendering login page.
Login View request is GET.
Rendering login page.
Login View request is POST.
Login form is valid.
User Logout.
Rendering login page.
Login View request is GET.
Rendering Recover Password Page.
Rendering login page.
Login View request is GET.
Rendering Recover Password Page.
Rendering Recover Password Page.
Recover password email sended.
Rendering login page.
Login View request is GET.
Rendering login page.
Login View request is POST.
Login form is valid.
Profile page should be editable
Profile page is editable? True
Rendering edit profile page.
Edit profile view request is GET.
Rendering edit profile page.
Edit profile view request is GET.
Rendering edit profile page.
Edit profile view request is GET.
Rendering edit profile page.
Edit profile view request is GET.
Rendering edit profile page.
Edit profile view request is GET.
Rendering edit profile page.
Edit profile view request is GET.
Profile page should be editable
Profile page is editable? True
Rendering edit profile page.
Edit profile view request is GET.
Rendering login page.
Profile page shouldn't be editable.
Profile page is editable? False
User password: codaMenos
User password confirmation: userpassword
Trying to alter user password.
Password don't match with password confirmation.
User password: userpasswordd
User password confirmation: userpassword
Trying to alter user password.
User password: pas
User password confirmation: userpassword
Trying to alter user password.
User password: userpassword
User password confirmation: userpassword
Trying to alter user password.
User password: userpassword
User password confirmation: userpassword
User password: 
User password confirmation: userpassword
